Exercicio3                                                                                                              PAGE 1
                         1     ORG 00H
0000 020100              2     LJMP Inicio
                         3
                         4     ORG 003H
0003 120162              5             LCALL   FREQ1
0006 32                  6             RETI
                         7
                         8     ORG 013H
0013 120167              9             LCALL   FREQ2
0016 32                 10             RETI
                        11
                        12     ORG 1BH
001B 12012B             13             LCALL MudaLed
001E 32                 14             RETI
                        15
                        16     ORG 100H
0100 75A88D             17     Inicio: MOV IE,   #10001101b
0103 758950             18             MOV TMOD, #01010000b
0106 758805             19             MOV TCON, #00000101b
0109 75B801             20             MOV IP,   #00000001b
010C 7EFF               21             MOV R6, #0FFH
010E 7F05               22             MOV R7, #05H
0110 7902               23             MOV R1, #2h
0112 D28E               24             SETB TR1
0114 120152             25             LCALL IniciaTimer
0117 12015B             26             LCALL ApagaLeds
011A C28D               27     Aqui1:  CLR     TF0
011C 8E8C               28             MOV     TH0, R6
011E 8F8A               29             MOV     TL0, R7
0120 D28C               30             SETB    TR0
0122 B2B5               31             CPL P3.5
0124 308DFD             32             JNB     TF0, $
0127 C28C               33             CLR     Tr0
0129 80EF               34             SJMP    Aqui1
                        35
012B B9020B             36     MudaLed: CJNE R1, #2h, amarelo
012E 120152             37              LCALL IniciaTimer
0131 12015B             38              LCALL ApagaLeds
0134 19                 39              DEC R1
0135 C292               40              CLR P1.2
0137 8018               41              SJMP fim
0139 B9010B             42     amarelo: CJNE R1, #1h, vermelho
013C 120152             43              LCALL IniciaTimer
013F 12015B             44              LCALL ApagaLeds
0142 C291               45              CLR P1.1
0144 19                 46              DEC R1
0145 800A               47              SJMP fim
0147 120152             48     vermelho:LCALL IniciaTimer
014A 12015B             49              LCALL ApagaLeds
014D C290               50              CLR P1.0
014F 7902               51              MOV R1, #02h
0151 22                 52     fim:     RET
                        53
0152 758DFF             54     IniciaTimer: MOV TH1, #0FFh
0155 758BFE             55                  MOV TL1, #0FEh
0158 C28F               56                  CLR TF1
015A 22                 57                  RET
                        58
015B D290               59     ApagaLeds: SETB P1.0
015D D291               60                SETB P1.1
015F D292               61                SETB P1.2
0161 22                 62                RET
                        63
0162 7EFE               64     FREQ1:  MOV     R6, #0FEH
0164 7F0B               65             MOV     R7, #0BH
0166 22                 66             RET
                        67
0167 7EFF               68     freq2:  MOV     R6, #0FFH
0169 7F05               69             MOV     R7, #05H
016B 22                 70             RET
****WARNING: Missing `END' directive
ASSEMBLY COMPLETE, NO ERRORS FOUND, 1 WARNING


ERROR SUMMARY:
Line 70, WARNING: Missing `END' directive

SYMBOL TABLE:
??MCU_8051_IDE . . . . . . . . . . .  N  NUMB  8051H  NOT USED
??VERSION. . . . . . . . . . . . . .  N  NUMB  0147H  NOT USED
AC . . . . . . . . . . . . . . . . .  B  ADDR  00D6H  NOT USED
ACC. . . . . . . . . . . . . . . . .  D  ADDR  00E0H  NOT USED
ACSR . . . . . . . . . . . . . . . .  D  ADDR  0097H  NOT USED
ADCF . . . . . . . . . . . . . . . .  D  ADDR  00F6H  NOT USED
ADCLK. . . . . . . . . . . . . . . .  D  ADDR  00F2H  NOT USED
ADCON. . . . . . . . . . . . . . . .  D  ADDR  00F3H  NOT USED
ADDH . . . . . . . . . . . . . . . .  D  ADDR  00F5H  NOT USED
ADDL . . . . . . . . . . . . . . . .  D  ADDR  00F4H  NOT USED
AMARELO. . . . . . . . . . . . . . .  C  ADDR  0139H
APAGALEDS. . . . . . . . . . . . . .  C  ADDR  015BH
AQUI1. . . . . . . . . . . . . . . .  C  ADDR  011AH
AUXR . . . . . . . . . . . . . . . .  D  ADDR  008EH  NOT USED
AUXR1. . . . . . . . . . . . . . . .  D  ADDR  00A2H  NOT USED
B. . . . . . . . . . . . . . . . . .  D  ADDR  00F0H  NOT USED
BDRCON . . . . . . . . . . . . . . .  D  ADDR  009BH  NOT USED
BDRCON_1 . . . . . . . . . . . . . .  D  ADDR  009CH  NOT USED
BRL. . . . . . . . . . . . . . . . .  D  ADDR  009AH  NOT USED
CCAP0H . . . . . . . . . . . . . . .  D  ADDR  00FAH  NOT USED
CCAP0L . . . . . . . . . . . . . . .  D  ADDR  00EAH  NOT USED
CCAP1H . . . . . . . . . . . . . . .  D  ADDR  00FBH  NOT USED
CCAP1L . . . . . . . . . . . . . . .  D  ADDR  00EBH  NOT USED
CCAP2H . . . . . . . . . . . . . . .  D  ADDR  00FCH  NOT USED
CCAP3H . . . . . . . . . . . . . . .  D  ADDR  00FDH  NOT USED
CCAP4H . . . . . . . . . . . . . . .  D  ADDR  00FEH  NOT USED
CCAPL2H. . . . . . . . . . . . . . .  D  ADDR  00FCH  NOT USED
CCAPL2L. . . . . . . . . . . . . . .  D  ADDR  00ECH  NOT USED
CCAPL3H. . . . . . . . . . . . . . .  D  ADDR  00FDH  NOT USED
CCAPL3L. . . . . . . . . . . . . . .  D  ADDR  00EDH  NOT USED
CCAPL4H. . . . . . . . . . . . . . .  D  ADDR  00FEH  NOT USED
CCAPL4L. . . . . . . . . . . . . . .  D  ADDR  00EEH  NOT USED
CCAPM0 . . . . . . . . . . . . . . .  D  ADDR  00DAH  NOT USED
CCAPM1 . . . . . . . . . . . . . . .  D  ADDR  00DBH  NOT USED
CCAPM2 . . . . . . . . . . . . . . .  D  ADDR  00DCH  NOT USED
CCAPM3 . . . . . . . . . . . . . . .  D  ADDR  00DDH  NOT USED
CCAPM4 . . . . . . . . . . . . . . .  D  ADDR  00DEH  NOT USED
CCF0 . . . . . . . . . . . . . . . .  B  ADDR  00D8H  NOT USED
CCF1 . . . . . . . . . . . . . . . .  B  ADDR  00D9H  NOT USED
CCF2 . . . . . . . . . . . . . . . .  B  ADDR  00DAH  NOT USED
CCF3 . . . . . . . . . . . . . . . .  B  ADDR  00DBH  NOT USED
CCF4 . . . . . . . . . . . . . . . .  B  ADDR  00DCH  NOT USED
CCON . . . . . . . . . . . . . . . .  D  ADDR  00D8H  NOT USED
CFINT. . . . . . . . . . . . . . . .  C  ADDR  0033H  NOT USED
CH . . . . . . . . . . . . . . . . .  D  ADDR  00F9H  NOT USED
CKCON. . . . . . . . . . . . . . . .  D  ADDR  008FH  NOT USED
CKCON0 . . . . . . . . . . . . . . .  D  ADDR  008FH  NOT USED
CKRL . . . . . . . . . . . . . . . .  D  ADDR  0097H  NOT USED
CKSEL. . . . . . . . . . . . . . . .  D  ADDR  0085H  NOT USED
CL . . . . . . . . . . . . . . . . .  D  ADDR  00E9H  NOT USED
CLKREG . . . . . . . . . . . . . . .  D  ADDR  008FH  NOT USED
CMOD . . . . . . . . . . . . . . . .  D  ADDR  00D9H  NOT USED
CPRL2. . . . . . . . . . . . . . . .  B  ADDR  00C8H  NOT USED
CR . . . . . . . . . . . . . . . . .  B  ADDR  00DEH  NOT USED
CT2. . . . . . . . . . . . . . . . .  B  ADDR  00C9H  NOT USED
CY . . . . . . . . . . . . . . . . .  B  ADDR  00D7H  NOT USED
DP0H . . . . . . . . . . . . . . . .  D  ADDR  0083H  NOT USED
DP0L . . . . . . . . . . . . . . . .  D  ADDR  0082H  NOT USED
DP1H . . . . . . . . . . . . . . . .  D  ADDR  0085H  NOT USED
DP1L . . . . . . . . . . . . . . . .  D  ADDR  0084H  NOT USED
DPH. . . . . . . . . . . . . . . . .  D  ADDR  0083H  NOT USED
DPL. . . . . . . . . . . . . . . . .  D  ADDR  0082H  NOT USED
EA . . . . . . . . . . . . . . . . .  B  ADDR  00AFH  NOT USED
EC . . . . . . . . . . . . . . . . .  B  ADDR  00AEH  NOT USED
EECON. . . . . . . . . . . . . . . .  D  ADDR  0096H  NOT USED
ES . . . . . . . . . . . . . . . . .  B  ADDR  00ACH  NOT USED
ET0. . . . . . . . . . . . . . . . .  B  ADDR  00A9H  NOT USED
ET1. . . . . . . . . . . . . . . . .  B  ADDR  00ABH  NOT USED
ET2. . . . . . . . . . . . . . . . .  B  ADDR  00ADH  NOT USED
EX0. . . . . . . . . . . . . . . . .  B  ADDR  00A8H  NOT USED
EX1. . . . . . . . . . . . . . . . .  B  ADDR  00AAH  NOT USED
EXEN2. . . . . . . . . . . . . . . .  B  ADDR  00CBH  NOT USED
EXF2 . . . . . . . . . . . . . . . .  B  ADDR  00CEH  NOT USED
EXTI0. . . . . . . . . . . . . . . .  C  ADDR  0003H  NOT USED
EXTI1. . . . . . . . . . . . . . . .  C  ADDR  0013H  NOT USED
F0 . . . . . . . . . . . . . . . . .  B  ADDR  00D5H  NOT USED
FE . . . . . . . . . . . . . . . . .  B  ADDR  009FH  NOT USED
FIM. . . . . . . . . . . . . . . . .  C  ADDR  0151H
FREQ1. . . . . . . . . . . . . . . .  C  ADDR  0162H
FREQ2. . . . . . . . . . . . . . . .  C  ADDR  0167H
IE . . . . . . . . . . . . . . . . .  D  ADDR  00A8H
IE0. . . . . . . . . . . . . . . . .  B  ADDR  0089H  NOT USED
IE1. . . . . . . . . . . . . . . . .  B  ADDR  008BH  NOT USED
INICIATIMER. . . . . . . . . . . . .  C  ADDR  0152H
INICIO . . . . . . . . . . . . . . .  C  ADDR  0100H
INT0 . . . . . . . . . . . . . . . .  B  ADDR  00B2H  NOT USED
INT1 . . . . . . . . . . . . . . . .  B  ADDR  00B3H  NOT USED
IP . . . . . . . . . . . . . . . . .  D  ADDR  00B8H
IPH. . . . . . . . . . . . . . . . .  D  ADDR  00B7H  NOT USED
IPH0 . . . . . . . . . . . . . . . .  D  ADDR  00B7H  NOT USED
IPH1 . . . . . . . . . . . . . . . .  D  ADDR  00B3H  NOT USED
IPL0 . . . . . . . . . . . . . . . .  D  ADDR  00B8H  NOT USED
IPL1 . . . . . . . . . . . . . . . .  D  ADDR  00B2H  NOT USED
IT0. . . . . . . . . . . . . . . . .  B  ADDR  0088H  NOT USED
IT1. . . . . . . . . . . . . . . . .  B  ADDR  008AH  NOT USED
KBE. . . . . . . . . . . . . . . . .  D  ADDR  009DH  NOT USED
KBF. . . . . . . . . . . . . . . . .  D  ADDR  009EH  NOT USED
KBLS . . . . . . . . . . . . . . . .  D  ADDR  009CH  NOT USED
MUDALED. . . . . . . . . . . . . . .  C  ADDR  012BH
OSCCON . . . . . . . . . . . . . . .  D  ADDR  0086H  NOT USED
OV . . . . . . . . . . . . . . . . .  B  ADDR  00D2H  NOT USED
P. . . . . . . . . . . . . . . . . .  B  ADDR  00D0H  NOT USED
P0 . . . . . . . . . . . . . . . . .  D  ADDR  0080H  NOT USED
P1 . . . . . . . . . . . . . . . . .  D  ADDR  0090H
P1M1 . . . . . . . . . . . . . . . .  D  ADDR  00D4H  NOT USED
P1M2 . . . . . . . . . . . . . . . .  D  ADDR  00E2H  NOT USED
P2 . . . . . . . . . . . . . . . . .  D  ADDR  00A0H  NOT USED
P3 . . . . . . . . . . . . . . . . .  D  ADDR  00B0H
P3M1 . . . . . . . . . . . . . . . .  D  ADDR  00D5H  NOT USED
P3M2 . . . . . . . . . . . . . . . .  D  ADDR  00E3H  NOT USED
P4 . . . . . . . . . . . . . . . . .  D  ADDR  00C0H  NOT USED
P4M1 . . . . . . . . . . . . . . . .  D  ADDR  00D6H  NOT USED
P4M2 . . . . . . . . . . . . . . . .  D  ADDR  00E4H  NOT USED
P5 . . . . . . . . . . . . . . . . .  D  ADDR  00E8H  NOT USED
PC . . . . . . . . . . . . . . . . .  B  ADDR  00BEH  NOT USED
PCON . . . . . . . . . . . . . . . .  D  ADDR  0087H  NOT USED
PPCL . . . . . . . . . . . . . . . .  B  ADDR  00BEH  NOT USED
PS . . . . . . . . . . . . . . . . .  B  ADDR  00BCH  NOT USED
PSL. . . . . . . . . . . . . . . . .  B  ADDR  00BCH  NOT USED
PSW. . . . . . . . . . . . . . . . .  D  ADDR  00D0H  NOT USED
PT0. . . . . . . . . . . . . . . . .  B  ADDR  00B9H  NOT USED
PT0L . . . . . . . . . . . . . . . .  B  ADDR  00B9H  NOT USED
PT1. . . . . . . . . . . . . . . . .  B  ADDR  00BBH  NOT USED
PT1L . . . . . . . . . . . . . . . .  B  ADDR  00BBH  NOT USED
PT2. . . . . . . . . . . . . . . . .  B  ADDR  00BDH  NOT USED
PT2L . . . . . . . . . . . . . . . .  B  ADDR  00BDH  NOT USED
PX0. . . . . . . . . . . . . . . . .  B  ADDR  00B8H  NOT USED
PX0L . . . . . . . . . . . . . . . .  B  ADDR  00B8H  NOT USED
PX1. . . . . . . . . . . . . . . . .  B  ADDR  00BAH  NOT USED
PX1L . . . . . . . . . . . . . . . .  B  ADDR  00BAH  NOT USED
RB8. . . . . . . . . . . . . . . . .  B  ADDR  009AH  NOT USED
RCAP2H . . . . . . . . . . . . . . .  D  ADDR  00CBH  NOT USED
RCAP2L . . . . . . . . . . . . . . .  D  ADDR  00CAH  NOT USED
RCLK . . . . . . . . . . . . . . . .  B  ADDR  00CDH  NOT USED
RD . . . . . . . . . . . . . . . . .  B  ADDR  00B7H  NOT USED
REN. . . . . . . . . . . . . . . . .  B  ADDR  009CH  NOT USED
RESET. . . . . . . . . . . . . . . .  C  ADDR  0000H  NOT USED
RI . . . . . . . . . . . . . . . . .  B  ADDR  0098H  NOT USED
RS0. . . . . . . . . . . . . . . . .  B  ADDR  00D3H  NOT USED
RS1. . . . . . . . . . . . . . . . .  B  ADDR  00D4H  NOT USED
RXD. . . . . . . . . . . . . . . . .  B  ADDR  00B0H  NOT USED
SADDR. . . . . . . . . . . . . . . .  D  ADDR  00A9H  NOT USED
SADDR_0. . . . . . . . . . . . . . .  D  ADDR  00A9H  NOT USED
SADDR_1. . . . . . . . . . . . . . .  D  ADDR  00AAH  NOT USED
SADEN. . . . . . . . . . . . . . . .  D  ADDR  00B9H  NOT USED
SADEN_0. . . . . . . . . . . . . . .  D  ADDR  00B9H  NOT USED
SADEN_1. . . . . . . . . . . . . . .  D  ADDR  00BAH  NOT USED
SBUF . . . . . . . . . . . . . . . .  D  ADDR  0099H  NOT USED
SCON . . . . . . . . . . . . . . . .  D  ADDR  0098H  NOT USED
SINT . . . . . . . . . . . . . . . .  C  ADDR  0023H  NOT USED
SM0. . . . . . . . . . . . . . . . .  B  ADDR  009FH  NOT USED
SM1. . . . . . . . . . . . . . . . .  B  ADDR  009EH  NOT USED
SM2. . . . . . . . . . . . . . . . .  B  ADDR  009DH  NOT USED
SP . . . . . . . . . . . . . . . . .  D  ADDR  0081H  NOT USED
SPCON. . . . . . . . . . . . . . . .  D  ADDR  00C3H  NOT USED
SPCR . . . . . . . . . . . . . . . .  D  ADDR  00D5H  NOT USED
SPDAT. . . . . . . . . . . . . . . .  D  ADDR  00C5H  NOT USED
SPDR . . . . . . . . . . . . . . . .  D  ADDR  0086H  NOT USED
SPSR . . . . . . . . . . . . . . . .  D  ADDR  00AAH  NOT USED
SPSTA. . . . . . . . . . . . . . . .  D  ADDR  00C4H  NOT USED
T0 . . . . . . . . . . . . . . . . .  B  ADDR  00B4H  NOT USED
T1 . . . . . . . . . . . . . . . . .  B  ADDR  00B5H  NOT USED
T2CON. . . . . . . . . . . . . . . .  D  ADDR  00C8H  NOT USED
T2MOD. . . . . . . . . . . . . . . .  D  ADDR  00C9H  NOT USED
TB8. . . . . . . . . . . . . . . . .  B  ADDR  009BH  NOT USED
TCLK . . . . . . . . . . . . . . . .  B  ADDR  00CCH  NOT USED
TCON . . . . . . . . . . . . . . . .  D  ADDR  0088H
TF0. . . . . . . . . . . . . . . . .  B  ADDR  008DH
TF1. . . . . . . . . . . . . . . . .  B  ADDR  008FH
TF2. . . . . . . . . . . . . . . . .  B  ADDR  00CFH  NOT USED
TH0. . . . . . . . . . . . . . . . .  D  ADDR  008CH
TH1. . . . . . . . . . . . . . . . .  D  ADDR  008DH
TH2. . . . . . . . . . . . . . . . .  D  ADDR  00CDH  NOT USED
TI . . . . . . . . . . . . . . . . .  B  ADDR  0099H  NOT USED
TIMER0 . . . . . . . . . . . . . . .  C  ADDR  000BH  NOT USED
TIMER1 . . . . . . . . . . . . . . .  C  ADDR  001BH  NOT USED
TIMER2 . . . . . . . . . . . . . . .  C  ADDR  002BH  NOT USED
TL0. . . . . . . . . . . . . . . . .  D  ADDR  008AH
TL1. . . . . . . . . . . . . . . . .  D  ADDR  008BH
TL2. . . . . . . . . . . . . . . . .  D  ADDR  00CCH  NOT USED
TMOD . . . . . . . . . . . . . . . .  D  ADDR  0089H
TR0. . . . . . . . . . . . . . . . .  B  ADDR  008CH
TR1. . . . . . . . . . . . . . . . .  B  ADDR  008EH
TR2. . . . . . . . . . . . . . . . .  B  ADDR  00CAH  NOT USED
TXD. . . . . . . . . . . . . . . . .  B  ADDR  00B1H  NOT USED
VERMELHO . . . . . . . . . . . . . .  C  ADDR  0147H
WDTCON . . . . . . . . . . . . . . .  D  ADDR  00A7H  NOT USED
WDTPRG . . . . . . . . . . . . . . .  D  ADDR  00A7H  NOT USED
WDTRST . . . . . . . . . . . . . . .  D  ADDR  00A6H  NOT USED
WR . . . . . . . . . . . . . . . . .  B  ADDR  00B6H  NOT USED